
After rating==5 & 10-core + LOO:
Train size: 214579   Test size: 4814
Unique users in train: 4814, in test: 4814

Users shape: (6040, 5)
Movies shape: (3883, 3)

Final Train size: 214579, Test size: 4814
Total # Mapped Users: 4814 Total # Mapped Items: 3224

Training the model (5 epochs)...
Epoch 1/5

  1/210 [..............................] - ETA: 1:17 - loss: 0.0121 - regularization_loss: 0.0000e+00 - total_loss: 0.0121
 16/210 [=>............................] - ETA: 0s - loss: 0.0120 - regularization_loss: 0.0000e+00 - total_loss: 0.0120  
 33/210 [===>..........................] - ETA: 0s - loss: 0.0119 - regularization_loss: 0.0000e+00 - total_loss: 0.0119
 49/210 [======>.......................] - ETA: 0s - loss: 0.0119 - regularization_loss: 0.0000e+00 - total_loss: 0.0119
 65/210 [========>.....................] - ETA: 0s - loss: 0.0119 - regularization_loss: 0.0000e+00 - total_loss: 0.0119
 79/210 [==========>...................] - ETA: 0s - loss: 0.0119 - regularization_loss: 0.0000e+00 - total_loss: 0.0119
 95/210 [============>.................] - ETA: 0s - loss: 0.0119 - regularization_loss: 0.0000e+00 - total_loss: 0.0119
108/210 [==============>...............] - ETA: 0s - loss: 0.0119 - regularization_loss: 0.0000e+00 - total_loss: 0.0119
118/210 [===============>..............] - ETA: 0s - loss: 0.0119 - regularization_loss: 0.0000e+00 - total_loss: 0.0119
130/210 [=================>............] - ETA: 0s - loss: 0.0119 - regularization_loss: 0.0000e+00 - total_loss: 0.0119
144/210 [===================>..........] - ETA: 0s - loss: 0.0119 - regularization_loss: 0.0000e+00 - total_loss: 0.0119
158/210 [=====================>........] - ETA: 0s - loss: 0.0119 - regularization_loss: 0.0000e+00 - total_loss: 0.0119
175/210 [========================>.....] - ETA: 0s - loss: 0.0119 - regularization_loss: 0.0000e+00 - total_loss: 0.0119
191/210 [==========================>...] - ETA: 0s - loss: 0.0119 - regularization_loss: 0.0000e+00 - total_loss: 0.0119
208/210 [============================>.] - ETA: 0s - loss: 0.0119 - regularization_loss: 0.0000e+00 - total_loss: 0.0119
210/210 [==============================] - 1s 4ms/step - loss: 0.0119 - regularization_loss: 0.0000e+00 - total_loss: 0.0119
Epoch 2/5

  1/210 [..............................] - ETA: 0s - loss: 0.0113 - regularization_loss: 0.0000e+00 - total_loss: 0.0113
 18/210 [=>............................] - ETA: 0s - loss: 0.0115 - regularization_loss: 0.0000e+00 - total_loss: 0.0115
 34/210 [===>..........................] - ETA: 0s - loss: 0.0114 - regularization_loss: 0.0000e+00 - total_loss: 0.0114
 48/210 [=====>........................] - ETA: 0s - loss: 0.0114 - regularization_loss: 0.0000e+00 - total_loss: 0.0114
 62/210 [=======>......................] - ETA: 0s - loss: 0.0114 - regularization_loss: 0.0000e+00 - total_loss: 0.0114
 77/210 [==========>...................] - ETA: 0s - loss: 0.0114 - regularization_loss: 0.0000e+00 - total_loss: 0.0114
 90/210 [===========>..................] - ETA: 0s - loss: 0.0114 - regularization_loss: 0.0000e+00 - total_loss: 0.0114
105/210 [==============>...............] - ETA: 0s - loss: 0.0114 - regularization_loss: 0.0000e+00 - total_loss: 0.0114
121/210 [================>.............] - ETA: 0s - loss: 0.0114 - regularization_loss: 0.0000e+00 - total_loss: 0.0114
138/210 [==================>...........] - ETA: 0s - loss: 0.0114 - regularization_loss: 0.0000e+00 - total_loss: 0.0114
155/210 [=====================>........] - ETA: 0s - loss: 0.0114 - regularization_loss: 0.0000e+00 - total_loss: 0.0114
171/210 [=======================>......] - ETA: 0s - loss: 0.0114 - regularization_loss: 0.0000e+00 - total_loss: 0.0114
187/210 [=========================>....] - ETA: 0s - loss: 0.0114 - regularization_loss: 0.0000e+00 - total_loss: 0.0114
204/210 [============================>.] - ETA: 0s - loss: 0.0114 - regularization_loss: 0.0000e+00 - total_loss: 0.0114
210/210 [==============================] - 1s 3ms/step - loss: 0.0115 - regularization_loss: 0.0000e+00 - total_loss: 0.0115
Epoch 3/5

  1/210 [..............................] - ETA: 0s - loss: 0.0111 - regularization_loss: 0.0000e+00 - total_loss: 0.0111
 17/210 [=>............................] - ETA: 0s - loss: 0.0112 - regularization_loss: 0.0000e+00 - total_loss: 0.0112
 33/210 [===>..........................] - ETA: 0s - loss: 0.0112 - regularization_loss: 0.0000e+00 - total_loss: 0.0112
 51/210 [======>.......................] - ETA: 0s - loss: 0.0112 - regularization_loss: 0.0000e+00 - total_loss: 0.0112
 69/210 [========>.....................] - ETA: 0s - loss: 0.0112 - regularization_loss: 0.0000e+00 - total_loss: 0.0112
 86/210 [===========>..................] - ETA: 0s - loss: 0.0112 - regularization_loss: 0.0000e+00 - total_loss: 0.0112
102/210 [=============>................] - ETA: 0s - loss: 0.0112 - regularization_loss: 0.0000e+00 - total_loss: 0.0112
120/210 [================>.............] - ETA: 0s - loss: 0.0112 - regularization_loss: 0.0000e+00 - total_loss: 0.0112
138/210 [==================>...........] - ETA: 0s - loss: 0.0112 - regularization_loss: 0.0000e+00 - total_loss: 0.0112
156/210 [=====================>........] - ETA: 0s - loss: 0.0112 - regularization_loss: 0.0000e+00 - total_loss: 0.0112
174/210 [=======================>......] - ETA: 0s - loss: 0.0112 - regularization_loss: 0.0000e+00 - total_loss: 0.0112
192/210 [==========================>...] - ETA: 0s - loss: 0.0112 - regularization_loss: 0.0000e+00 - total_loss: 0.0112
210/210 [==============================] - ETA: 0s - loss: 0.0112 - regularization_loss: 0.0000e+00 - total_loss: 0.0112
210/210 [==============================] - 1s 3ms/step - loss: 0.0113 - regularization_loss: 0.0000e+00 - total_loss: 0.0113
Epoch 4/5

  1/210 [..............................] - ETA: 0s - loss: 0.0110 - regularization_loss: 0.0000e+00 - total_loss: 0.0110
 17/210 [=>............................] - ETA: 0s - loss: 0.0110 - regularization_loss: 0.0000e+00 - total_loss: 0.0110
 34/210 [===>..........................] - ETA: 0s - loss: 0.0110 - regularization_loss: 0.0000e+00 - total_loss: 0.0110
 48/210 [=====>........................] - ETA: 0s - loss: 0.0110 - regularization_loss: 0.0000e+00 - total_loss: 0.0110
 62/210 [=======>......................] - ETA: 0s - loss: 0.0110 - regularization_loss: 0.0000e+00 - total_loss: 0.0110
 78/210 [==========>...................] - ETA: 0s - loss: 0.0110 - regularization_loss: 0.0000e+00 - total_loss: 0.0110
 95/210 [============>.................] - ETA: 0s - loss: 0.0110 - regularization_loss: 0.0000e+00 - total_loss: 0.0110
113/210 [===============>..............] - ETA: 0s - loss: 0.0110 - regularization_loss: 0.0000e+00 - total_loss: 0.0110
131/210 [=================>............] - ETA: 0s - loss: 0.0110 - regularization_loss: 0.0000e+00 - total_loss: 0.0110
148/210 [====================>.........] - ETA: 0s - loss: 0.0110 - regularization_loss: 0.0000e+00 - total_loss: 0.0110
166/210 [======================>.......] - ETA: 0s - loss: 0.0110 - regularization_loss: 0.0000e+00 - total_loss: 0.0110
184/210 [=========================>....] - ETA: 0s - loss: 0.0110 - regularization_loss: 0.0000e+00 - total_loss: 0.0110
202/210 [===========================>..] - ETA: 0s - loss: 0.0110 - regularization_loss: 0.0000e+00 - total_loss: 0.0110
210/210 [==============================] - 1s 3ms/step - loss: 0.0111 - regularization_loss: 0.0000e+00 - total_loss: 0.0111
Epoch 5/5

  1/210 [..............................] - ETA: 0s - loss: 0.0108 - regularization_loss: 0.0000e+00 - total_loss: 0.0108
 18/210 [=>............................] - ETA: 0s - loss: 0.0109 - regularization_loss: 0.0000e+00 - total_loss: 0.0109
 35/210 [====>.........................] - ETA: 0s - loss: 0.0109 - regularization_loss: 0.0000e+00 - total_loss: 0.0109
 51/210 [======>.......................] - ETA: 0s - loss: 0.0109 - regularization_loss: 0.0000e+00 - total_loss: 0.0109
 67/210 [========>.....................] - ETA: 0s - loss: 0.0109 - regularization_loss: 0.0000e+00 - total_loss: 0.0109
 84/210 [===========>..................] - ETA: 0s - loss: 0.0109 - regularization_loss: 0.0000e+00 - total_loss: 0.0109
101/210 [=============>................] - ETA: 0s - loss: 0.0109 - regularization_loss: 0.0000e+00 - total_loss: 0.0109
117/210 [===============>..............] - ETA: 0s - loss: 0.0109 - regularization_loss: 0.0000e+00 - total_loss: 0.0109
129/210 [=================>............] - ETA: 0s - loss: 0.0109 - regularization_loss: 0.0000e+00 - total_loss: 0.0109
145/210 [===================>..........] - ETA: 0s - loss: 0.0109 - regularization_loss: 0.0000e+00 - total_loss: 0.0109
162/210 [======================>.......] - ETA: 0s - loss: 0.0109 - regularization_loss: 0.0000e+00 - total_loss: 0.0109
180/210 [========================>.....] - ETA: 0s - loss: 0.0109 - regularization_loss: 0.0000e+00 - total_loss: 0.0109
196/210 [===========================>..] - ETA: 0s - loss: 0.0109 - regularization_loss: 0.0000e+00 - total_loss: 0.0109
210/210 [==============================] - 1s 3ms/step - loss: 0.0109 - regularization_loss: 0.0000e+00 - total_loss: 0.0109

Evaluating with negative sampling (1 + 99) ...

Evaluation Results (rating=5, 10-core, LOO, 1+99):
========================================
k         HitRate        NDCG           
----------------------------------------
1         0.0110     0.0110
3         0.0293     0.0214
5         0.0550     0.0319
10        0.1126     0.0503
========================================
