After leave-one-out split:
Train size: 99057 Test size: 943
Users shape: (943, 5)
Items shape: (1682, 24)

Original train size: 99057, test size: 943
Unique users mapped: 943, unique items mapped: 1682

Scenario A: 81253 training rows (each cold user has 1 real interaction)

--- Training Scenario A model (5 epochs) ---
Epoch 1/5

 1/80 [..............................] - ETA: 29s - loss: 0.0120 - regularization_loss: 0.0000e+00 - total_loss: 0.0120
14/80 [====>.........................] - ETA: 0s - loss: 0.0119 - regularization_loss: 0.0000e+00 - total_loss: 0.0119 
27/80 [=========>....................] - ETA: 0s - loss: 0.0120 - regularization_loss: 0.0000e+00 - total_loss: 0.0120
40/80 [==============>...............] - ETA: 0s - loss: 0.0120 - regularization_loss: 0.0000e+00 - total_loss: 0.0120
54/80 [===================>..........] - ETA: 0s - loss: 0.0119 - regularization_loss: 0.0000e+00 - total_loss: 0.0119
67/80 [========================>.....] - ETA: 0s - loss: 0.0119 - regularization_loss: 0.0000e+00 - total_loss: 0.0119
80/80 [==============================] - 1s 4ms/step - loss: 0.0124 - regularization_loss: 0.0000e+00 - total_loss: 0.0124
Epoch 2/5

 1/80 [..............................] - ETA: 0s - loss: 0.0114 - regularization_loss: 0.0000e+00 - total_loss: 0.0114
16/80 [=====>........................] - ETA: 0s - loss: 0.0114 - regularization_loss: 0.0000e+00 - total_loss: 0.0114
30/80 [==========>...................] - ETA: 0s - loss: 0.0115 - regularization_loss: 0.0000e+00 - total_loss: 0.0115
44/80 [===============>..............] - ETA: 0s - loss: 0.0115 - regularization_loss: 0.0000e+00 - total_loss: 0.0115
59/80 [=====================>........] - ETA: 0s - loss: 0.0115 - regularization_loss: 0.0000e+00 - total_loss: 0.0115
73/80 [==========================>...] - ETA: 0s - loss: 0.0115 - regularization_loss: 0.0000e+00 - total_loss: 0.0115
80/80 [==============================] - 0s 4ms/step - loss: 0.0120 - regularization_loss: 0.0000e+00 - total_loss: 0.0120
Epoch 3/5

 1/80 [..............................] - ETA: 0s - loss: 0.0113 - regularization_loss: 0.0000e+00 - total_loss: 0.0113
14/80 [====>.........................] - ETA: 0s - loss: 0.0112 - regularization_loss: 0.0000e+00 - total_loss: 0.0112
28/80 [=========>....................] - ETA: 0s - loss: 0.0113 - regularization_loss: 0.0000e+00 - total_loss: 0.0113
40/80 [==============>...............] - ETA: 0s - loss: 0.0113 - regularization_loss: 0.0000e+00 - total_loss: 0.0113
53/80 [==================>...........] - ETA: 0s - loss: 0.0113 - regularization_loss: 0.0000e+00 - total_loss: 0.0113
68/80 [========================>.....] - ETA: 0s - loss: 0.0113 - regularization_loss: 0.0000e+00 - total_loss: 0.0113
80/80 [==============================] - 0s 4ms/step - loss: 0.0117 - regularization_loss: 0.0000e+00 - total_loss: 0.0117
Epoch 4/5

 1/80 [..............................] - ETA: 0s - loss: 0.0113 - regularization_loss: 0.0000e+00 - total_loss: 0.0113
15/80 [====>.........................] - ETA: 0s - loss: 0.0111 - regularization_loss: 0.0000e+00 - total_loss: 0.0111
29/80 [=========>....................] - ETA: 0s - loss: 0.0112 - regularization_loss: 0.0000e+00 - total_loss: 0.0112
43/80 [===============>..............] - ETA: 0s - loss: 0.0112 - regularization_loss: 0.0000e+00 - total_loss: 0.0112
57/80 [====================>.........] - ETA: 0s - loss: 0.0112 - regularization_loss: 0.0000e+00 - total_loss: 0.0112
73/80 [==========================>...] - ETA: 0s - loss: 0.0112 - regularization_loss: 0.0000e+00 - total_loss: 0.0112
80/80 [==============================] - 0s 4ms/step - loss: 0.0116 - regularization_loss: 0.0000e+00 - total_loss: 0.0116
Epoch 5/5

 1/80 [..............................] - ETA: 0s - loss: 0.0112 - regularization_loss: 0.0000e+00 - total_loss: 0.0112
16/80 [=====>........................] - ETA: 0s - loss: 0.0109 - regularization_loss: 0.0000e+00 - total_loss: 0.0109
31/80 [==========>...................] - ETA: 0s - loss: 0.0110 - regularization_loss: 0.0000e+00 - total_loss: 0.0110
46/80 [================>.............] - ETA: 0s - loss: 0.0110 - regularization_loss: 0.0000e+00 - total_loss: 0.0110
61/80 [=====================>........] - ETA: 0s - loss: 0.0110 - regularization_loss: 0.0000e+00 - total_loss: 0.0110
75/80 [===========================>..] - ETA: 0s - loss: 0.0110 - regularization_loss: 0.0000e+00 - total_loss: 0.0110
80/80 [==============================] - 0s 3ms/step - loss: 0.0114 - regularization_loss: 0.0000e+00 - total_loss: 0.0114

Evaluating Scenario A model (Negative Sampling LOO)...
==== Results: Scenario A (Cold = 1 Real) ====
 HR@1=0.0138, NDCG@1=0.0138
 HR@3=0.0435, NDCG@3=0.0304
 HR@5=0.0689, NDCG@5=0.0409
 HR@10=0.1241, NDCG@10=0.0583
=============================================

Loaded augmented dataset with 943 rows.
Augmented rows for cold users: 188
Scenario B: 81441 rows (cold has 1 real + augmented items)

--- Training Scenario B model (5 epochs) ---
Epoch 1/5

 1/80 [..............................] - ETA: 11s - loss: 0.0120 - regularization_loss: 0.0000e+00 - total_loss: 0.0120
15/80 [====>.........................] - ETA: 0s - loss: 0.0119 - regularization_loss: 0.0000e+00 - total_loss: 0.0119 
31/80 [==========>...................] - ETA: 0s - loss: 0.0119 - regularization_loss: 0.0000e+00 - total_loss: 0.0119
46/80 [================>.............] - ETA: 0s - loss: 0.0119 - regularization_loss: 0.0000e+00 - total_loss: 0.0119
63/80 [======================>.......] - ETA: 0s - loss: 0.0119 - regularization_loss: 0.0000e+00 - total_loss: 0.0119
79/80 [============================>.] - ETA: 0s - loss: 0.0119 - regularization_loss: 0.0000e+00 - total_loss: 0.0119
80/80 [==============================] - 0s 3ms/step - loss: 0.0121 - regularization_loss: 0.0000e+00 - total_loss: 0.0121
Epoch 2/5

 1/80 [..............................] - ETA: 0s - loss: 0.0114 - regularization_loss: 0.0000e+00 - total_loss: 0.0114
17/80 [=====>........................] - ETA: 0s - loss: 0.0115 - regularization_loss: 0.0000e+00 - total_loss: 0.0115
31/80 [==========>...................] - ETA: 0s - loss: 0.0115 - regularization_loss: 0.0000e+00 - total_loss: 0.0115
45/80 [===============>..............] - ETA: 0s - loss: 0.0115 - regularization_loss: 0.0000e+00 - total_loss: 0.0115
60/80 [=====================>........] - ETA: 0s - loss: 0.0115 - regularization_loss: 0.0000e+00 - total_loss: 0.0115
75/80 [===========================>..] - ETA: 0s - loss: 0.0115 - regularization_loss: 0.0000e+00 - total_loss: 0.0115
80/80 [==============================] - 0s 3ms/step - loss: 0.0117 - regularization_loss: 0.0000e+00 - total_loss: 0.0117
Epoch 3/5

 1/80 [..............................] - ETA: 0s - loss: 0.0112 - regularization_loss: 0.0000e+00 - total_loss: 0.0112
16/80 [=====>........................] - ETA: 0s - loss: 0.0113 - regularization_loss: 0.0000e+00 - total_loss: 0.0113
30/80 [==========>...................] - ETA: 0s - loss: 0.0113 - regularization_loss: 0.0000e+00 - total_loss: 0.0113
46/80 [================>.............] - ETA: 0s - loss: 0.0113 - regularization_loss: 0.0000e+00 - total_loss: 0.0113
61/80 [=====================>........] - ETA: 0s - loss: 0.0113 - regularization_loss: 0.0000e+00 - total_loss: 0.0113
78/80 [============================>.] - ETA: 0s - loss: 0.0113 - regularization_loss: 0.0000e+00 - total_loss: 0.0113
80/80 [==============================] - 0s 3ms/step - loss: 0.0115 - regularization_loss: 0.0000e+00 - total_loss: 0.0115
Epoch 4/5

 1/80 [..............................] - ETA: 0s - loss: 0.0110 - regularization_loss: 0.0000e+00 - total_loss: 0.0110
16/80 [=====>........................] - ETA: 0s - loss: 0.0112 - regularization_loss: 0.0000e+00 - total_loss: 0.0112
33/80 [===========>..................] - ETA: 0s - loss: 0.0111 - regularization_loss: 0.0000e+00 - total_loss: 0.0111
49/80 [=================>............] - ETA: 0s - loss: 0.0112 - regularization_loss: 0.0000e+00 - total_loss: 0.0112
65/80 [=======================>......] - ETA: 0s - loss: 0.0112 - regularization_loss: 0.0000e+00 - total_loss: 0.0112
80/80 [==============================] - 0s 3ms/step - loss: 0.0113 - regularization_loss: 0.0000e+00 - total_loss: 0.0113
Epoch 5/5

 1/80 [..............................] - ETA: 0s - loss: 0.0108 - regularization_loss: 0.0000e+00 - total_loss: 0.0108
16/80 [=====>........................] - ETA: 0s - loss: 0.0110 - regularization_loss: 0.0000e+00 - total_loss: 0.0110
32/80 [===========>..................] - ETA: 0s - loss: 0.0110 - regularization_loss: 0.0000e+00 - total_loss: 0.0110
48/80 [=================>............] - ETA: 0s - loss: 0.0110 - regularization_loss: 0.0000e+00 - total_loss: 0.0110
65/80 [=======================>......] - ETA: 0s - loss: 0.0110 - regularization_loss: 0.0000e+00 - total_loss: 0.0110
80/80 [==============================] - 0s 3ms/step - loss: 0.0112 - regularization_loss: 0.0000e+00 - total_loss: 0.0112

Evaluating Scenario B model (1 real + augmented) ...
==== Results: Scenario B (Cold = 1 Real + Augmented) ====
 HR@1=0.0074, NDCG@1=0.0074
 HR@3=0.0276, NDCG@3=0.0190
 HR@5=0.0562, NDCG@5=0.0308
 HR@10=0.1166, NDCG@10=0.0499
=========================================================

=============== FINAL SUMMARY ===============
Scenario A: cold = 1 real interaction
   HR@1=0.0138, NDCG@1=0.0138
   HR@3=0.0435, NDCG@3=0.0304
   HR@5=0.0689, NDCG@5=0.0409
   HR@10=0.1241, NDCG@10=0.0583

Scenario B: cold = 1 real + augmented rows
   HR@1=0.0074, NDCG@1=0.0074
   HR@3=0.0276, NDCG@3=0.0190
   HR@5=0.0562, NDCG@5=0.0308
   HR@10=0.1166, NDCG@10=0.0499
=============================================
