After leave-one-out split:
Train size: 99057 Test size: 943
Users shape: (943, 5)
Items shape: (1682, 24)
Train size: 99057 Test size: 943
Training the model...
Epoch 1/5

 1/97 [..............................] - ETA: 34s - loss: 0.0121 - regularization_loss: 0.0000e+00 - total_loss: 0.0121
18/97 [====>.........................] - ETA: 0s - loss: 0.0120 - regularization_loss: 0.0000e+00 - total_loss: 0.0120 
36/97 [==========>...................] - ETA: 0s - loss: 0.0119 - regularization_loss: 0.0000e+00 - total_loss: 0.0119
54/97 [===============>..............] - ETA: 0s - loss: 0.0119 - regularization_loss: 0.0000e+00 - total_loss: 0.0119
71/97 [====================>.........] - ETA: 0s - loss: 0.0119 - regularization_loss: 0.0000e+00 - total_loss: 0.0119
89/97 [==========================>...] - ETA: 0s - loss: 0.0119 - regularization_loss: 0.0000e+00 - total_loss: 0.0119
97/97 [==============================] - 1s 3ms/step - loss: 0.0120 - regularization_loss: 0.0000e+00 - total_loss: 0.0120
Epoch 2/5

 1/97 [..............................] - ETA: 0s - loss: 0.0115 - regularization_loss: 0.0000e+00 - total_loss: 0.0115
19/97 [====>.........................] - ETA: 0s - loss: 0.0114 - regularization_loss: 0.0000e+00 - total_loss: 0.0114
37/97 [==========>...................] - ETA: 0s - loss: 0.0115 - regularization_loss: 0.0000e+00 - total_loss: 0.0115
55/97 [================>.............] - ETA: 0s - loss: 0.0115 - regularization_loss: 0.0000e+00 - total_loss: 0.0115
72/97 [=====================>........] - ETA: 0s - loss: 0.0115 - regularization_loss: 0.0000e+00 - total_loss: 0.0115
90/97 [==========================>...] - ETA: 0s - loss: 0.0115 - regularization_loss: 0.0000e+00 - total_loss: 0.0115
97/97 [==============================] - 0s 3ms/step - loss: 0.0116 - regularization_loss: 0.0000e+00 - total_loss: 0.0116
Epoch 3/5

 1/97 [..............................] - ETA: 0s - loss: 0.0114 - regularization_loss: 0.0000e+00 - total_loss: 0.0114
19/97 [====>.........................] - ETA: 0s - loss: 0.0113 - regularization_loss: 0.0000e+00 - total_loss: 0.0113
36/97 [==========>...................] - ETA: 0s - loss: 0.0113 - regularization_loss: 0.0000e+00 - total_loss: 0.0113
54/97 [===============>..............] - ETA: 0s - loss: 0.0113 - regularization_loss: 0.0000e+00 - total_loss: 0.0113
71/97 [====================>.........] - ETA: 0s - loss: 0.0113 - regularization_loss: 0.0000e+00 - total_loss: 0.0113
89/97 [==========================>...] - ETA: 0s - loss: 0.0113 - regularization_loss: 0.0000e+00 - total_loss: 0.0113
97/97 [==============================] - 0s 3ms/step - loss: 0.0114 - regularization_loss: 0.0000e+00 - total_loss: 0.0114
Epoch 4/5

 1/97 [..............................] - ETA: 0s - loss: 0.0111 - regularization_loss: 0.0000e+00 - total_loss: 0.0111
18/97 [====>.........................] - ETA: 0s - loss: 0.0111 - regularization_loss: 0.0000e+00 - total_loss: 0.0111
35/97 [=========>....................] - ETA: 0s - loss: 0.0111 - regularization_loss: 0.0000e+00 - total_loss: 0.0111
53/97 [===============>..............] - ETA: 0s - loss: 0.0112 - regularization_loss: 0.0000e+00 - total_loss: 0.0112
70/97 [====================>.........] - ETA: 0s - loss: 0.0112 - regularization_loss: 0.0000e+00 - total_loss: 0.0112
87/97 [=========================>....] - ETA: 0s - loss: 0.0111 - regularization_loss: 0.0000e+00 - total_loss: 0.0111
97/97 [==============================] - 0s 3ms/step - loss: 0.0112 - regularization_loss: 0.0000e+00 - total_loss: 0.0112
Epoch 5/5

 1/97 [..............................] - ETA: 0s - loss: 0.0110 - regularization_loss: 0.0000e+00 - total_loss: 0.0110
18/97 [====>.........................] - ETA: 0s - loss: 0.0110 - regularization_loss: 0.0000e+00 - total_loss: 0.0110
36/97 [==========>...................] - ETA: 0s - loss: 0.0110 - regularization_loss: 0.0000e+00 - total_loss: 0.0110
54/97 [===============>..............] - ETA: 0s - loss: 0.0110 - regularization_loss: 0.0000e+00 - total_loss: 0.0110
72/97 [=====================>........] - ETA: 0s - loss: 0.0110 - regularization_loss: 0.0000e+00 - total_loss: 0.0110
90/97 [==========================>...] - ETA: 0s - loss: 0.0110 - regularization_loss: 0.0000e+00 - total_loss: 0.0110
97/97 [==============================] - 0s 3ms/step - loss: 0.0111 - regularization_loss: 0.0000e+00 - total_loss: 0.0111

Evaluating the model...

Evaluation Results:
========================================
k         Hit Rate       NDCG           
----------------------------------------
1         0.0127     0.0127
3         0.0424     0.0297
5         0.0668     0.0396
10        0.1188     0.0561
========================================
